0 info it worked if it ends with ok
1 verbose cli [ '/usr/local/bin/node', '/usr/local/bin/npm', 'run', 'tsc' ]
2 info using npm@2.14.20
3 info using node@v4.4.1
4 verbose run-script [ 'pretsc', 'tsc', 'posttsc' ]
5 info pretsc begroting-frontend@1.0.0
6 info tsc begroting-frontend@1.0.0
7 verbose unsafe-perm in lifecycle true
8 info begroting-frontend@1.0.0 Failed to exec tsc script
9 verbose stack Error: begroting-frontend@1.0.0 tsc: `tsc`
9 verbose stack Exit status 2
9 verbose stack     at EventEmitter.<anonymous> (/usr/local/lib/node_modules/npm/lib/utils/lifecycle.js:214:16)
9 verbose stack     at emitTwo (events.js:87:13)
9 verbose stack     at EventEmitter.emit (events.js:172:7)
9 verbose stack     at ChildProcess.<anonymous> (/usr/local/lib/node_modules/npm/lib/utils/spawn.js:24:14)
9 verbose stack     at emitTwo (events.js:87:13)
9 verbose stack     at ChildProcess.emit (events.js:172:7)
9 verbose stack     at maybeClose (internal/child_process.js:827:16)
9 verbose stack     at Process.ChildProcess._handle.onexit (internal/child_process.js:211:5)
10 verbose pkgid begroting-frontend@1.0.0
11 verbose cwd /Users/Catherine/Documents/Education/KDG/jaar3/Integratieproject/2_code/Frontend
12 error Darwin 15.3.0
13 error argv "/usr/local/bin/node" "/usr/local/bin/npm" "run" "tsc"
14 error node v4.4.1
15 error npm  v2.14.20
16 error code ELIFECYCLE
17 error begroting-frontend@1.0.0 tsc: `tsc`
17 error Exit status 2
18 error Failed at the begroting-frontend@1.0.0 tsc script 'tsc'.
18 error This is most likely a problem with the begroting-frontend package,
18 error not with npm itself.
18 error Tell the author that this fails on your system:
18 error     tsc
18 error You can get information on how to open an issue for this project with:
18 error     npm bugs begroting-frontend
18 error Or if that isn't available, you can get their info via:
18 error
18 error     npm owner ls begroting-frontend
18 error There is likely additional logging output above.
19 verbose exit [ 1, true ]
